<?xml version="1.0" encoding="UTF-8"?>
<!-- Generated by org.testng.reporters.JUnitXMLReporter -->
<testsuite hostname="Aspire7739-PC" name="Command line test" tests="3" failures="0" timestamp="14 Dec 2017 12:47:06 GMT" time="215.109" errors="0">
  <testcase name="Connexion_HomePage" time="39.257" classname="example.NewTest"/>
  <testcase name="DoSearch" time="22.497" classname="example.NewTest"/>
  <testcase name="ListResult" time="138.102" classname="example.NewTest"/>
</testsuite> <!-- Command line test -->
